[debug] [2024-03-11T22:18:36.711Z] ----------------------------------------------------------------------
[debug] [2024-03-11T22:18:36.715Z] Command:       C:\Program Files\nodejs\node.exe C:\Users\jenna\AppData\Roaming\npm\node_modules\firebase-tools\lib\bin\firebase.js init
[debug] [2024-03-11T22:18:36.715Z] CLI Version:   13.4.1
[debug] [2024-03-11T22:18:36.715Z] Platform:      win32
[debug] [2024-03-11T22:18:36.715Z] Node Version:  v21.5.0
[debug] [2024-03-11T22:18:36.716Z] Time:          Mon Mar 11 2024 15:18:36 GMT-0700 (Pacific Daylight Time)
[debug] [2024-03-11T22:18:36.716Z] ----------------------------------------------------------------------
[debug] 
[debug] [2024-03-11T22:18:36.804Z] > command requires scopes: ["email","openid","https://www.googleapis.com/auth/cloudplatformprojects.readonly","https://www.googleapis.com/auth/firebase","https://www.googleapis.com/auth/cloud-platform"]
[debug] [2024-03-11T22:18:36.805Z] > authorizing via signed-in user (jmoone@uw.edu)
[info] 
     ######## #### ########  ######## ########     ###     ######  ########
     ##        ##  ##     ## ##       ##     ##  ##   ##  ##       ##
     ######    ##  ########  ######   ########  #########  ######  ######
     ##        ##  ##    ##  ##       ##     ## ##     ##       ## ##
     ##       #### ##     ## ######## ########  ##     ##  ######  ########

You're about to initialize a Firebase project in this directory:

  C:\Users\jenna\Documents\INFO 340\info340-ssjb

Before we get started, keep in mind:

  * You are initializing within an existing Firebase project directory

[info] 
=== Project Setup
[info] 
[info] First, let's associate this project directory with a Firebase project.
[info] You can create multiple project aliases by running firebase use --add, 
[info] but for now we'll just set up a default project.
[info] 
[debug] [2024-03-11T22:19:03.680Z] Using project from CLI flag: info-340-90a02
[debug] [2024-03-11T22:19:03.683Z] > refreshing access token with scopes: []
[debug] [2024-03-11T22:19:03.686Z] >>> [apiv2][query] POST https://www.googleapis.com/oauth2/v3/token [none]
[debug] [2024-03-11T22:19:03.686Z] >>> [apiv2][body] POST https://www.googleapis.com/oauth2/v3/token [omitted]
[debug] [2024-03-11T22:19:03.946Z] <<< [apiv2][status] POST https://www.googleapis.com/oauth2/v3/token 200
[debug] [2024-03-11T22:19:03.946Z] <<< [apiv2][body] POST https://www.googleapis.com/oauth2/v3/token [omitted]
[debug] [2024-03-11T22:19:03.961Z] >>> [apiv2][query] GET https://firebase.googleapis.com/v1beta1/projects/info-340-90a02 [none]
[debug] [2024-03-11T22:19:04.370Z] <<< [apiv2][status] GET https://firebase.googleapis.com/v1beta1/projects/info-340-90a02 200
[debug] [2024-03-11T22:19:04.371Z] <<< [apiv2][body] GET https://firebase.googleapis.com/v1beta1/projects/info-340-90a02 {"projectId":"info-340-90a02","projectNumber":"68884465358","displayName":"Info 340","name":"projects/info-340-90a02","resources":{"hostingSite":"info-340-90a02","realtimeDatabaseInstance":"info-340-90a02-default-rtdb"},"state":"ACTIVE","etag":"1_754429ae-2538-4dde-8b73-501bf75d1628"}
[info] i  Using project info-340-90a02 (Info 340) 
[info] 
=== Emulators Setup
[debug] [2024-03-11T22:19:27.068Z] ----------------------------------------------------------------------
[debug] [2024-03-11T22:19:27.071Z] Command:       C:\Program Files\nodejs\node.exe C:\Users\jenna\AppData\Roaming\npm\node_modules\firebase-tools\lib\bin\firebase.js init
[debug] [2024-03-11T22:19:27.071Z] CLI Version:   13.4.1
[debug] [2024-03-11T22:19:27.072Z] Platform:      win32
[debug] [2024-03-11T22:19:27.072Z] Node Version:  v21.5.0
[debug] [2024-03-11T22:19:27.072Z] Time:          Mon Mar 11 2024 15:19:27 GMT-0700 (Pacific Daylight Time)
[debug] [2024-03-11T22:19:27.072Z] ----------------------------------------------------------------------
[debug] 
[debug] [2024-03-11T22:19:27.140Z] > command requires scopes: ["email","openid","https://www.googleapis.com/auth/cloudplatformprojects.readonly","https://www.googleapis.com/auth/firebase","https://www.googleapis.com/auth/cloud-platform"]
[debug] [2024-03-11T22:19:27.140Z] > authorizing via signed-in user (jmoone@uw.edu)
[info] 
     ######## #### ########  ######## ########     ###     ######  ########
     ##        ##  ##     ## ##       ##     ##  ##   ##  ##       ##
     ######    ##  ########  ######   ########  #########  ######  ######
     ##        ##  ##    ##  ##       ##     ## ##     ##       ## ##
     ##       #### ##     ## ######## ########  ##     ##  ######  ########

You're about to initialize a Firebase project in this directory:

  C:\Users\jenna\Documents\INFO 340\info340-ssjb

Before we get started, keep in mind:

  * You are initializing within an existing Firebase project directory

[info] 
=== Project Setup
[info] 
[info] First, let's associate this project directory with a Firebase project.
[info] You can create multiple project aliases by running firebase use --add, 
[info] but for now we'll just set up a default project.
[info] 
[debug] [2024-03-11T22:19:39.620Z] Using project from CLI flag: info-340-90a02
[debug] [2024-03-11T22:19:39.622Z] >>> [apiv2][query] GET https://firebase.googleapis.com/v1beta1/projects/info-340-90a02 [none]
[debug] [2024-03-11T22:19:39.891Z] <<< [apiv2][status] GET https://firebase.googleapis.com/v1beta1/projects/info-340-90a02 200
[debug] [2024-03-11T22:19:39.891Z] <<< [apiv2][body] GET https://firebase.googleapis.com/v1beta1/projects/info-340-90a02 {"projectId":"info-340-90a02","projectNumber":"68884465358","displayName":"Info 340","name":"projects/info-340-90a02","resources":{"hostingSite":"info-340-90a02","realtimeDatabaseInstance":"info-340-90a02-default-rtdb"},"state":"ACTIVE","etag":"1_754429ae-2538-4dde-8b73-501bf75d1628"}
[info] i  Using project info-340-90a02 (Info 340) 
[info] 
=== Emulators Setup
